{"level":"info","message":"Database Is connected...","timestamp":"2026-02-07T19:03:31.917Z"}
{"level":"info","message":"POST /api/auth/register","timestamp":"2026-02-07T19:04:11.282Z"}
{"level":"info","message":"GET /api/auth/verify-email?token=6c1ede20b6dee6b0b9ddff7ab5299008f60652a1887048f2bccc10ec607e3aab","timestamp":"2026-02-07T19:04:27.281Z"}
{"level":"info","message":"GET /api/auth/me","timestamp":"2026-02-07T19:04:27.286Z"}
{"level":"info","message":"GET /api/auth/me","timestamp":"2026-02-07T19:04:27.393Z"}
{"level":"info","message":"GET /api/auth/verify-email?token=6c1ede20b6dee6b0b9ddff7ab5299008f60652a1887048f2bccc10ec607e3aab","timestamp":"2026-02-07T19:04:27.404Z"}
{"level":"info","message":"POST /api/auth/login","timestamp":"2026-02-07T19:05:03.254Z"}
{"level":"info","message":"GET /api/interview","timestamp":"2026-02-07T19:05:03.893Z"}
{"level":"info","message":"GET /api/interview","timestamp":"2026-02-07T19:05:03.994Z"}
{"level":"info","message":"Database Is connected...","timestamp":"2026-02-07T19:05:13.904Z"}
{"level":"info","message":"POST /api/auth/logout","timestamp":"2026-02-07T19:05:30.884Z"}
{"level":"info","message":"POST /api/auth/register","timestamp":"2026-02-07T19:05:54.481Z"}
{"level":"info","message":"POST /api/auth/login","timestamp":"2026-02-07T19:06:08.565Z"}
{"level":"info","message":"GET /api/auth/verify-email?token=68f7164200ba82e34a5892b1af3b6a7329057d7b5fe2d3ef9ebd50bbecfac716","timestamp":"2026-02-07T19:06:22.682Z"}
{"level":"info","message":"GET /api/auth/me","timestamp":"2026-02-07T19:06:22.688Z"}
{"level":"info","message":"GET /api/auth/me","timestamp":"2026-02-07T19:06:22.694Z"}
{"level":"info","message":"GET /api/auth/verify-email?token=68f7164200ba82e34a5892b1af3b6a7329057d7b5fe2d3ef9ebd50bbecfac716","timestamp":"2026-02-07T19:06:22.804Z"}
{"level":"info","message":"POST /api/auth/login","timestamp":"2026-02-07T19:06:43.059Z"}
{"level":"info","message":"GET /api/interview","timestamp":"2026-02-07T19:06:43.612Z"}
{"level":"info","message":"GET /api/interview","timestamp":"2026-02-07T19:06:43.750Z"}
{"level":"info","message":"GET /api/auth/verify-email?token=68f7164200ba82e34a5892b1af3b6a7329057d7b5fe2d3ef9ebd50bbecfac716","timestamp":"2026-02-07T19:08:22.204Z"}
{"level":"info","message":"GET /api/auth/me","timestamp":"2026-02-07T19:09:12.177Z"}
{"level":"info","message":"GET /api/auth/me","timestamp":"2026-02-07T19:09:12.236Z"}
{"level":"info","message":"POST /api/auth/register","timestamp":"2026-02-07T19:09:29.781Z"}
{"level":"info","message":"GET /api/auth/verify-email?token=7ab9e4722cdf79f16aabc38ef92135fae736bd87dc32f0adda3baa53c1ba4cc2","timestamp":"2026-02-07T19:09:49.537Z"}
{"level":"info","message":"GET /api/auth/me","timestamp":"2026-02-07T19:09:49.540Z"}
{"level":"info","message":"GET /api/auth/me","timestamp":"2026-02-07T19:09:49.615Z"}
{"level":"info","message":"POST /api/auth/login","timestamp":"2026-02-07T19:10:03.769Z"}
{"level":"info","message":"GET /api/interview","timestamp":"2026-02-07T19:10:04.307Z"}
{"level":"info","message":"GET /api/interview","timestamp":"2026-02-07T19:10:04.394Z"}
{"level":"info","message":"POST /api/auth/switch-role","timestamp":"2026-02-07T19:10:08.800Z"}
{"level":"info","message":"GET /api/templates/stats","timestamp":"2026-02-07T19:10:08.977Z"}
{"level":"info","message":"GET /api/templates/my","timestamp":"2026-02-07T19:10:08.981Z"}
{"level":"info","message":"GET /api/templates/my","timestamp":"2026-02-07T19:10:09.080Z"}
{"level":"info","message":"GET /api/templates/stats","timestamp":"2026-02-07T19:10:09.150Z"}
{"level":"info","message":"POST /api/auth/switch-role","timestamp":"2026-02-07T19:10:15.391Z"}
{"level":"info","message":"GET /api/interview","timestamp":"2026-02-07T19:10:15.553Z"}
{"level":"info","message":"GET /api/interview","timestamp":"2026-02-07T19:10:15.641Z"}
{"level":"info","message":"POST /api/auth/logout","timestamp":"2026-02-07T19:10:21.610Z"}
{"level":"info","message":"Database Is connected...","timestamp":"2026-02-08T01:49:03.008Z"}
{"level":"info","message":"GET /api/auth/me","timestamp":"2026-02-08T01:52:50.414Z"}
{"level":"info","message":"GET /api/auth/me","timestamp":"2026-02-08T01:52:50.433Z"}
{"level":"info","message":"POST /api/auth/register","timestamp":"2026-02-08T01:56:48.423Z"}
{"level":"info","message":"GET /api/auth/verify-email?token=313752d3851a1d717bc546ae4f05c9fdca6693a4ef70a8a05fec251d55b17172","timestamp":"2026-02-08T01:57:20.943Z"}
{"level":"info","message":"GET /api/auth/me","timestamp":"2026-02-08T01:57:20.948Z"}
{"level":"info","message":"GET /api/auth/me","timestamp":"2026-02-08T01:57:20.953Z"}
{"level":"info","message":"POST /api/auth/login","timestamp":"2026-02-08T01:57:46.459Z"}
{"level":"info","message":"GET /api/interview","timestamp":"2026-02-08T01:57:46.924Z"}
{"level":"info","message":"GET /api/interview","timestamp":"2026-02-08T01:57:47.017Z"}
{"level":"info","message":"POST /api/auth/switch-role","timestamp":"2026-02-08T01:57:53.910Z"}
{"level":"info","message":"GET /api/templates/my","timestamp":"2026-02-08T01:57:54.077Z"}
{"level":"info","message":"GET /api/templates/stats","timestamp":"2026-02-08T01:57:54.082Z"}
{"level":"info","message":"GET /api/templates/my","timestamp":"2026-02-08T01:57:54.175Z"}
{"level":"info","message":"GET /api/templates/stats","timestamp":"2026-02-08T01:57:54.276Z"}
{"level":"info","message":"POST /api/auth/logout","timestamp":"2026-02-08T01:58:43.027Z"}
{"level":"info","message":"Database Is connected...","timestamp":"2026-02-08T02:01:17.119Z"}
{"level":"info","message":"Database Is connected...","timestamp":"2026-02-08T02:02:57.125Z"}
{"level":"info","message":"Database Is connected...","timestamp":"2026-02-08T02:04:08.495Z"}
{"level":"info","message":"GET /api/auth/me","timestamp":"2026-02-08T02:04:36.941Z"}
{"level":"info","message":"GET /api/auth/me","timestamp":"2026-02-08T02:04:37.095Z"}
{"level":"info","message":"POST /api/auth/forgot-password","timestamp":"2026-02-08T02:04:59.912Z"}
{"level":"info","message":"GET /api/auth/me","timestamp":"2026-02-08T02:05:18.144Z"}
{"level":"info","message":"GET /api/auth/me","timestamp":"2026-02-08T02:05:18.152Z"}
{"level":"info","message":"GET /api/auth/me","timestamp":"2026-02-08T02:29:16.850Z"}
{"level":"info","message":"GET /api/auth/me","timestamp":"2026-02-08T02:29:16.884Z"}
{"level":"info","message":"GET /api/auth/me","timestamp":"2026-02-08T02:30:13.024Z"}
{"level":"info","message":"GET /api/auth/me","timestamp":"2026-02-08T02:30:13.049Z"}
{"level":"info","message":"GET /api/auth/me","timestamp":"2026-02-08T02:30:32.532Z"}
{"level":"info","message":"GET /api/auth/me","timestamp":"2026-02-08T02:30:32.561Z"}
{"level":"info","message":"GET /api/auth/me","timestamp":"2026-02-08T02:30:38.642Z"}
{"level":"info","message":"GET /api/auth/me","timestamp":"2026-02-08T02:30:38.646Z"}
{"level":"info","message":"GET /api/auth/me","timestamp":"2026-02-08T02:32:51.039Z"}
{"level":"info","message":"GET /api/auth/me","timestamp":"2026-02-08T02:32:51.043Z"}
{"level":"info","message":"GET /api/auth/me","timestamp":"2026-02-08T02:36:05.132Z"}
{"level":"info","message":"GET /api/auth/me","timestamp":"2026-02-08T02:36:05.138Z"}
{"level":"info","message":"POST /api/auth/reset-password","timestamp":"2026-02-08T02:36:27.543Z"}
{"level":"info","message":"POST /api/auth/login","timestamp":"2026-02-08T02:36:42.960Z"}
{"level":"info","message":"GET /api/templates/my","timestamp":"2026-02-08T02:36:43.464Z"}
{"level":"info","message":"GET /api/templates/stats","timestamp":"2026-02-08T02:36:43.475Z"}
{"level":"info","message":"GET /api/templates/my","timestamp":"2026-02-08T02:36:43.571Z"}
{"level":"info","message":"GET /api/templates/stats","timestamp":"2026-02-08T02:36:43.659Z"}
{"level":"info","message":"POST /api/auth/switch-role","timestamp":"2026-02-08T02:36:52.886Z"}
{"level":"info","message":"GET /api/interview","timestamp":"2026-02-08T02:36:53.125Z"}
{"level":"info","message":"GET /api/interview","timestamp":"2026-02-08T02:36:53.215Z"}
{"level":"info","message":"GET /api/auth/me","timestamp":"2026-02-08T03:29:45.958Z"}
{"level":"info","message":"GET /api/auth/me","timestamp":"2026-02-08T03:29:46.010Z"}
{"level":"info","message":"GET /api/auth/me","timestamp":"2026-02-08T03:29:46.498Z"}
{"level":"info","message":"GET /api/auth/me","timestamp":"2026-02-08T03:29:46.546Z"}
{"level":"info","message":"GET /api/auth/me","timestamp":"2026-02-08T03:29:46.773Z"}
{"level":"info","message":"GET /api/auth/me","timestamp":"2026-02-08T03:29:46.823Z"}
{"level":"info","message":"GET /api/auth/me","timestamp":"2026-02-08T03:29:46.998Z"}
{"level":"info","message":"GET /api/auth/me","timestamp":"2026-02-08T03:29:47.045Z"}
{"level":"info","message":"GET /api/auth/me","timestamp":"2026-02-08T03:29:47.094Z"}
{"level":"info","message":"GET /api/auth/me","timestamp":"2026-02-08T03:29:47.142Z"}
{"level":"info","message":"POST /api/auth/login","timestamp":"2026-02-08T03:34:00.161Z"}
{"level":"info","message":"POST /api/auth/login","timestamp":"2026-02-08T03:34:05.285Z"}
{"level":"info","message":"Database Is connected...","timestamp":"2026-02-08T03:36:44.488Z"}
{"level":"info","message":"GET /api/auth/me","timestamp":"2026-02-08T03:44:09.521Z"}
{"level":"info","message":"GET /api/auth/me","timestamp":"2026-02-08T03:44:09.589Z"}
{"level":"info","message":"POST /api/auth/register","timestamp":"2026-02-08T03:46:26.770Z"}
{"level":"info","message":"GET /api/auth/verify-email?token=160d05e273d20f94b51302076d71e528ed2f7ac4625051906e137a88cbeac95a","timestamp":"2026-02-08T03:46:47.056Z"}
{"level":"info","message":"GET /api/auth/me","timestamp":"2026-02-08T03:46:47.063Z"}
{"level":"info","message":"GET /api/auth/me","timestamp":"2026-02-08T03:46:47.171Z"}
{"level":"info","message":"POST /api/auth/login","timestamp":"2026-02-08T03:47:09.844Z"}
{"level":"info","message":"GET /api/interview","timestamp":"2026-02-08T03:47:10.485Z"}
{"level":"info","message":"GET /api/interview","timestamp":"2026-02-08T03:47:10.573Z"}
{"level":"info","message":"POST /api/auth/switch-role","timestamp":"2026-02-08T03:47:25.852Z"}
{"level":"info","message":"GET /api/templates/my","timestamp":"2026-02-08T03:47:26.075Z"}
{"level":"info","message":"GET /api/templates/stats","timestamp":"2026-02-08T03:47:26.081Z"}
{"level":"info","message":"GET /api/templates/my","timestamp":"2026-02-08T03:47:26.158Z"}
{"level":"info","message":"GET /api/templates/stats","timestamp":"2026-02-08T03:47:26.268Z"}
{"level":"info","message":"GET /api/templates/my","timestamp":"2026-02-08T03:47:35.128Z"}
{"level":"info","message":"GET /api/templates/stats","timestamp":"2026-02-08T03:47:35.134Z"}
{"level":"info","message":"GET /api/templates/my","timestamp":"2026-02-08T03:47:35.225Z"}
{"level":"info","message":"GET /api/templates/stats","timestamp":"2026-02-08T03:47:35.294Z"}
{"level":"info","message":"Database Is connected...","timestamp":"2026-02-08T04:09:31.971Z"}
{"level":"info","message":"Database Is connected...","timestamp":"2026-02-08T04:09:44.968Z"}
{"level":"info","message":"DELETE /api/auth/delete","timestamp":"2026-02-08T04:11:59.826Z"}
{"level":"info","message":"Database Is connected...","timestamp":"2026-02-08T04:13:42.652Z"}
{"level":"info","message":"GET /api/auth/me","timestamp":"2026-02-08T05:09:07.356Z"}
{"level":"info","message":"GET /api/auth/me","timestamp":"2026-02-08T05:09:07.827Z"}
{"level":"info","message":"GET /api/auth/me","timestamp":"2026-02-08T05:14:46.767Z"}
{"level":"info","message":"GET /api/auth/me","timestamp":"2026-02-08T05:14:46.817Z"}
{"level":"info","message":"DELETE /api/auth/delete","timestamp":"2026-02-08T05:14:52.881Z"}
{"level":"info","message":"POST /api/auth/logout","timestamp":"2026-02-08T05:14:53.260Z"}
{"level":"info","message":"POST /api/auth/login","timestamp":"2026-02-08T05:15:19.917Z"}
{"level":"info","message":"POST /api/auth/register","timestamp":"2026-02-08T05:15:40.331Z"}
{"level":"info","message":"POST /api/auth/login","timestamp":"2026-02-08T05:15:54.722Z"}
{"level":"info","message":"GET /api/auth/verify-email?token=ded8f35c5177850c20476e020ffba4ffc51eb32a5f3330559b532c22d5ac02bb","timestamp":"2026-02-08T05:16:10.948Z"}
{"level":"info","message":"GET /api/auth/me","timestamp":"2026-02-08T05:16:10.998Z"}
{"level":"info","message":"GET /api/auth/me","timestamp":"2026-02-08T05:16:11.003Z"}
{"level":"info","message":"POST /api/auth/login","timestamp":"2026-02-08T05:16:22.590Z"}
{"level":"info","message":"GET /api/interview","timestamp":"2026-02-08T05:16:23.183Z"}
{"level":"info","message":"GET /api/interview","timestamp":"2026-02-08T05:16:23.274Z"}
{"level":"info","message":"GET /api/interview/stats","timestamp":"2026-02-08T05:16:26.148Z"}
{"level":"info","message":"GET /api/interview/stats","timestamp":"2026-02-08T05:16:26.331Z"}
{"level":"info","message":"POST /api/interview/start","timestamp":"2026-02-08T05:16:45.170Z"}
{"level":"info","message":"GET /api/interview/69881c3d9b4fdd39e635b903/resume","timestamp":"2026-02-08T05:16:45.409Z"}
{"level":"info","message":"GET /api/interview/69881c3d9b4fdd39e635b903/resume","timestamp":"2026-02-08T05:16:45.569Z"}
{"level":"info","message":"GET /api/auth/me","timestamp":"2026-02-08T05:22:52.390Z"}
{"level":"info","message":"GET /api/auth/me","timestamp":"2026-02-08T05:22:52.453Z"}
{"level":"info","message":"GET /api/auth/me","timestamp":"2026-02-08T05:23:03.344Z"}
{"level":"info","message":"GET /api/auth/me","timestamp":"2026-02-08T05:23:03.402Z"}
{"level":"info","message":"GET /api/auth/me","timestamp":"2026-02-08T05:23:17.368Z"}
{"level":"info","message":"POST /api/interview/69881c3d9b4fdd39e635b903/summary","timestamp":"2026-02-08T05:34:32.375Z"}
{"level":"info","message":"GET /api/interview/69881c3d9b4fdd39e635b903/detail","timestamp":"2026-02-08T05:37:44.493Z"}
{"level":"info","message":"GET /api/interview/69881c3d9b4fdd39e635b903/detail","timestamp":"2026-02-08T05:37:44.738Z"}
{"level":"info","message":"GET /api/interview","timestamp":"2026-02-08T05:39:46.401Z"}
{"level":"info","message":"GET /api/interview","timestamp":"2026-02-08T05:39:46.517Z"}
